<?xml version="1.0" encoding="UTF-8"?>
<testng-results ignored="0" total="4" passed="4" failed="0" skipped="0">
  <reporter-output>
  </reporter-output>
  <suite started-at="2024-10-30T14:40:26 GMT-04:00" name="PetSuite" finished-at="2024-10-30T14:40:36 GMT-04:00" duration-ms="9912">
    <groups>
    </groups>
    <test started-at="2024-10-30T14:40:26 GMT-04:00" name="PetTests" finished-at="2024-10-30T14:40:36 GMT-04:00" duration-ms="9912">
      <class name="api.test.UserTests">
        <test-method is-config="true" signature="setup()[pri:0, instance:api.test.UserTests@6973b51b]" started-at="2024-10-30T14:40:26 GMT-04:00" name="setup" finished-at="2024-10-30T14:40:28 GMT-04:00" duration-ms="1820" status="PASS">
          <reporter-output>
          </reporter-output>
        </test-method> <!-- setup -->
        <test-method signature="testPostUser()[pri:1, instance:api.test.UserTests@6973b51b]" started-at="2024-10-30T14:40:28 GMT-04:00" name="testPostUser" finished-at="2024-10-30T14:40:33 GMT-04:00" duration-ms="4955" status="PASS">
          <reporter-output>
          </reporter-output>
        </test-method> <!-- testPostUser -->
        <test-method signature="testGetUserByName()[pri:2, instance:api.test.UserTests@6973b51b]" started-at="2024-10-30T14:40:33 GMT-04:00" name="testGetUserByName" finished-at="2024-10-30T14:40:34 GMT-04:00" duration-ms="623" status="PASS">
          <reporter-output>
          </reporter-output>
        </test-method> <!-- testGetUserByName -->
        <test-method signature="testUpdateUserByName()[pri:3, instance:api.test.UserTests@6973b51b]" started-at="2024-10-30T14:40:34 GMT-04:00" name="testUpdateUserByName" finished-at="2024-10-30T14:40:35 GMT-04:00" duration-ms="1102" status="PASS">
          <reporter-output>
          </reporter-output>
        </test-method> <!-- testUpdateUserByName -->
        <test-method signature="testDeleteUserByName()[pri:4, instance:api.test.UserTests@6973b51b]" started-at="2024-10-30T14:40:35 GMT-04:00" name="testDeleteUserByName" finished-at="2024-10-30T14:40:36 GMT-04:00" duration-ms="830" status="PASS">
          <reporter-output>
          </reporter-output>
        </test-method> <!-- testDeleteUserByName -->
      </class> <!-- api.test.UserTests -->
    </test> <!-- PetTests -->
  </suite> <!-- PetSuite -->
</testng-results>
