<?xml version="1.0" encoding="UTF-8"?>
<!-- Generated by org.testng.reporters.JUnitXMLReporter -->
<testsuite ignored="0" hostname="Reshma" failures="0" tests="4" name="PetTests" time="9.912" errors="0" timestamp="2024-10-30T14:40:37 GMT-04:00">
  <testcase classname="api.test.UserTests" name="testPostUser" time="4.955"/>
  <testcase classname="api.test.UserTests" name="testGetUserByName" time="0.623"/>
  <testcase classname="api.test.UserTests" name="testUpdateUserByName" time="1.102"/>
  <testcase classname="api.test.UserTests" name="testDeleteUserByName" time="0.83"/>
</testsuite> <!-- PetTests -->
