<?xml version="1.0" encoding="UTF-8"?>
<!-- Generated by org.testng.reporters.JUnitXMLReporter -->
<testsuite ignored="0" hostname="Reshma" failures="0" tests="4" name="PetTests" time="10.75" errors="0" timestamp="2024-10-28T16:38:53 GMT-04:00">
  <testcase classname="api.test.UserTests" name="testPostUser" time="5.16"/>
  <testcase classname="api.test.UserTests" name="testGetUserByName" time="0.85"/>
  <testcase classname="api.test.UserTests" name="testUpdateUserByName" time="1.227"/>
  <testcase classname="api.test.UserTests" name="testDeleteUserByName" time="0.68"/>
</testsuite> <!-- PetTests -->
